# JRE version: OpenJDK Runtime Environment (8.0_171-b11) (build 1.8.0_171-8u171-b11-0ubuntu0.17.10.1-b11)
# Java VM: OpenJDK 64-Bit Server VM (25.171-b11 mixed mode linux-amd64 compressed oops)
Heap:
 PSYoungGen      total 262144K, used 18934K [0x00000000ebe00000, 0x0000000100000000, 0x0000000100000000)
  eden space 195584K, 0% used [0x00000000ebe00000,0x00000000ebe00000,0x00000000f7d00000)
  from space 66560K, 28% used [0x00000000fbf00000,0x00000000fd17db18,0x0000000100000000)
  to   space 67072K, 0% used [0x00000000f7d00000,0x00000000f7d00000,0x00000000fbe80000)
 ParOldGen       total 148992K, used 148547K [0x00000000c3a00000, 0x00000000ccb80000, 0x00000000ebe00000)
  object space 148992K, 99% used [0x00000000c3a00000,0x00000000ccb10fb0,0x00000000ccb80000)
 Metaspace       used 40688K, capacity 50734K, committed 50816K, reserved 1089536K
  class space    used 5498K, capacity 11644K, committed 11648K, reserved 1048576K
GC Heap History (10 events):
Event: 45,571 GC heap after
Heap after GC invocations=31 (full 3):
 PSYoungGen      total 275456K, used 41248K [0x00000000ebe00000, 0x0000000100000000, 0x0000000100000000)
  eden space 231424K, 0% used [0x00000000ebe00000,0x00000000ebe00000,0x00000000fa000000)
  from space 44032K, 93% used [0x00000000fd500000,0x00000000ffd48020,0x0000000100000000)
  to   space 49152K, 0% used [0x00000000fa000000,0x00000000fa000000,0x00000000fd000000)
 ParOldGen       total 148992K, used 111405K [0x00000000c3a00000, 0x00000000ccb80000, 0x00000000ebe00000)
  object space 148992K, 74% used [0x00000000c3a00000,0x00000000ca6cb580,0x00000000ccb80000)
 Metaspace       used 37787K, capacity 46450K, committed 46592K, reserved 1085440K
  class space    used 4996K, capacity 10218K, committed 10240K, reserved 1048576K
}
Event: 47,099 GC heap before
{Heap before GC invocations=32 (full 3):
 PSYoungGen      total 275456K, used 272672K [0x00000000ebe00000, 0x0000000100000000, 0x0000000100000000)
  eden space 231424K, 100% used [0x00000000ebe00000,0x00000000fa000000,0x00000000fa000000)
  from space 44032K, 93% used [0x00000000fd500000,0x00000000ffd48020,0x0000000100000000)
  to   space 49152K, 0% used [0x00000000fa000000,0x00000000fa000000,0x00000000fd000000)
 ParOldGen       total 148992K, used 111405K [0x00000000c3a00000, 0x00000000ccb80000, 0x00000000ebe00000)
  object space 148992K, 74% used [0x00000000c3a00000,0x00000000ca6cb580,0x00000000ccb80000)
 Metaspace       used 38518K, capacity 47524K, committed 47744K, reserved 1087488K
  class space    used 5122K, capacity 10574K, committed 10624K, reserved 1048576K
Event: 47,163 GC heap after
Heap after GC invocations=32 (full 3):
 PSYoungGen      total 279040K, used 47264K [0x00000000ebe00000, 0x0000000100000000, 0x0000000100000000)
  eden space 231424K, 0% used [0x00000000ebe00000,0x00000000ebe00000,0x00000000fa000000)
  from space 47616K, 99% used [0x00000000fa000000,0x00000000fce28020,0x00000000fce80000)
  to   space 50688K, 0% used [0x00000000fce80000,0x00000000fce80000,0x0000000100000000)
 ParOldGen       total 148992K, used 111413K [0x00000000c3a00000, 0x00000000ccb80000, 0x00000000ebe00000)
  object space 148992K, 74% used [0x00000000c3a00000,0x00000000ca6cd580,0x00000000ccb80000)
 Metaspace       used 38518K, capacity 47524K, committed 47744K, reserved 1087488K
  class space    used 5122K, capacity 10574K, committed 10624K, reserved 1048576K
}
Event: 48,748 GC heap before
{Heap before GC invocations=33 (full 3):
 PSYoungGen      total 279040K, used 278688K [0x00000000ebe00000, 0x0000000100000000, 0x0000000100000000)
  eden space 231424K, 100% used [0x00000000ebe00000,0x00000000fa000000,0x00000000fa000000)
  from space 47616K, 99% used [0x00000000fa000000,0x00000000fce28020,0x00000000fce80000)
  to   space 50688K, 0% used [0x00000000fce80000,0x00000000fce80000,0x0000000100000000)
 ParOldGen       total 148992K, used 111413K [0x00000000c3a00000, 0x00000000ccb80000, 0x00000000ebe00000)
  object space 148992K, 74% used [0x00000000c3a00000,0x00000000ca6cd580,0x00000000ccb80000)
 Metaspace       used 39361K, capacity 48772K, committed 48896K, reserved 1087488K
  class space    used 5268K, capacity 10990K, committed 11008K, reserved 1048576K
Event: 48,819 GC heap after
Heap after GC invocations=33 (full 3):
 PSYoungGen      total 253440K, used 50672K [0x00000000ebe00000, 0x0000000100000000, 0x0000000100000000)
  eden space 202752K, 0% used [0x00000000ebe00000,0x00000000ebe00000,0x00000000f8400000)
  from space 50688K, 99% used [0x00000000fce80000,0x00000000ffffc040,0x0000000100000000)
  to   space 63488K, 0% used [0x00000000f8400000,0x00000000f8400000,0x00000000fc200000)
 ParOldGen       total 148992K, used 114760K [0x00000000c3a00000, 0x00000000ccb80000, 0x00000000ebe00000)
  object space 148992K, 77% used [0x00000000c3a00000,0x00000000caa12180,0x00000000ccb80000)
 Metaspace       used 39361K, capacity 48772K, committed 48896K, reserved 1087488K
  class space    used 5268K, capacity 10990K, committed 11008K, reserved 1048576K
}
Event: 49,916 GC heap before
{Heap before GC invocations=34 (full 3):
 PSYoungGen      total 253440K, used 253424K [0x00000000ebe00000, 0x0000000100000000, 0x0000000100000000)
  eden space 202752K, 100% used [0x00000000ebe00000,0x00000000f8400000,0x00000000f8400000)
  from space 50688K, 99% used [0x00000000fce80000,0x00000000ffffc040,0x0000000100000000)
  to   space 63488K, 0% used [0x00000000f8400000,0x00000000f8400000,0x00000000fc200000)
 ParOldGen       total 148992K, used 114760K [0x00000000c3a00000, 0x00000000ccb80000, 0x00000000ebe00000)
  object space 148992K, 77% used [0x00000000c3a00000,0x00000000caa12180,0x00000000ccb80000)
 Metaspace       used 40010K, capacity 49732K, committed 50048K, reserved 1087488K
  class space    used 5380K, capacity 11310K, committed 11392K, reserved 1048576K
Event: 50,038 GC heap after
Heap after GC invocations=34 (full 3):
 PSYoungGen      total 247808K, used 44800K [0x00000000ebe00000, 0x0000000100000000, 0x0000000100000000)
  eden space 202752K, 0% used [0x00000000ebe00000,0x00000000ebe00000,0x00000000f8400000)
  from space 45056K, 99% used [0x00000000f8400000,0x00000000fafc0000,0x00000000fb000000)
  to   space 66560K, 0% used [0x00000000fbf00000,0x00000000fbf00000,0x0000000100000000)
 ParOldGen       total 148992K, used 128976K [0x00000000c3a00000, 0x00000000ccb80000, 0x00000000ebe00000)
  object space 148992K, 86% used [0x00000000c3a00000,0x00000000cb7f41a0,0x00000000ccb80000)
 Metaspace       used 40010K, capacity 49732K, committed 50048K, reserved 1087488K
  class space    used 5380K, capacity 11310K, committed 11392K, reserved 1048576K
}
Event: 51,411 GC heap before
{Heap before GC invocations=35 (full 3):
 PSYoungGen      total 247808K, used 247552K [0x00000000ebe00000, 0x0000000100000000, 0x0000000100000000)
  eden space 202752K, 100% used [0x00000000ebe00000,0x00000000f8400000,0x00000000f8400000)
  from space 45056K, 99% used [0x00000000f8400000,0x00000000fafc0000,0x00000000fb000000)
  to   space 66560K, 0% used [0x00000000fbf00000,0x00000000fbf00000,0x0000000100000000)
 ParOldGen       total 148992K, used 128976K [0x00000000c3a00000, 0x00000000ccb80000, 0x00000000ebe00000)
  object space 148992K, 86% used [0x00000000c3a00000,0x00000000cb7f41a0,0x00000000ccb80000)
 Metaspace       used 40688K, capacity 50734K, committed 50816K, reserved 1089536K
  class space    used 5498K, capacity 11644K, committed 11648K, reserved 1048576K
Event: 51,493 GC heap after
Heap after GC invocations=35 (full 3):
 PSYoungGen      total 262144K, used 41792K [0x00000000ebe00000, 0x0000000100000000, 0x0000000100000000)
  eden space 195584K, 0% used [0x00000000ebe00000,0x00000000ebe00000,0x00000000f7d00000)
  from space 66560K, 62% used [0x00000000fbf00000,0x00000000fe7d0000,0x0000000100000000)
  to   space 67072K, 0% used [0x00000000f7d00000,0x00000000f7d00000,0x00000000fbe80000)
 ParOldGen       total 148992K, used 137704K [0x00000000c3a00000, 0x00000000ccb80000, 0x00000000ebe00000)
  object space 148992K, 92% used [0x00000000c3a00000,0x00000000cc07a1a0,0x00000000ccb80000)
 Metaspace       used 40688K, capacity 50734K, committed 50816K, reserved 1089536K
  class space    used 5498K, capacity 11644K, committed 11648K, reserved 1048576K
}
Event: 51,495 GC heap before
{Heap before GC invocations=36 (full 4):
 PSYoungGen      total 262144K, used 41792K [0x00000000ebe00000, 0x0000000100000000, 0x0000000100000000)
  eden space 195584K, 0% used [0x00000000ebe00000,0x00000000ebe00000,0x00000000f7d00000)
  from space 66560K, 62% used [0x00000000fbf00000,0x00000000fe7d0000,0x0000000100000000)
  to   space 67072K, 0% used [0x00000000f7d00000,0x00000000f7d00000,0x00000000fbe80000)
 ParOldGen       total 148992K, used 137704K [0x00000000c3a00000, 0x00000000ccb80000, 0x00000000ebe00000)
  object space 148992K, 92% used [0x00000000c3a00000,0x00000000cc07a1a0,0x00000000ccb80000)
 Metaspace       used 40688K, capacity 50734K, committed 50816K, reserved 1089536K
  class space    used 5498K, capacity 11644K, committed 11648K, reserved 1048576K

